<?xml version="1.0" encoding="UTF-8"?>
<!-- Generated by org.testng.reporters.JUnitXMLReporter -->
<testsuite ignored="0" hostname="Black-Light" failures="1" tests="1" name="Test" time="10.468" errors="0" timestamp="2024-04-29T16:10:38 IST">
  <testcase classname="base.BaseTest" name="@AfterTest tearDown" time="0.003">
    <failure type="org.openqa.selenium.NoSuchSessionException" message="Session ID is null. Using WebDriver after calling quit()?
Build info: version: &amp;apos;4.19.1&amp;apos;, revision: &amp;apos;abe0ee07dc&amp;apos;
System info: os.name: &amp;apos;Windows 11&amp;apos;, os.arch: &amp;apos;amd64&amp;apos;, os.version: &amp;apos;10.0&amp;apos;, java.version: &amp;apos;17.0.4.1&amp;apos;
Driver info: org.openqa.selenium.edge.EdgeDriver
Command: [null, close {}]
Capabilities {acceptInsecureCerts: false, browserName: MicrosoftEdge, browserVersion: 124.0.2478.67, fedcm:accounts: true, ms:edgeOptions: {debuggerAddress: localhost:60282}, msedge: {msedgedriverVersion: 124.0.2478.67 (d385ef2844e0..., userDataDir: C:\Users\hp\AppData\Local\T...}, networkConnectionEnabled: false, pageLoadStrategy: normal, platformName: windows, proxy: Proxy(), se:cdp: ws://localhost:60282/devtoo..., se:cdpVersion: 124.0.2478.67, setWindowRect: true, strictFileInteractability: false, timeouts: {implicit: 0, pageLoad: 300000, script: 30000}, unhandledPromptBehavior: dismiss and notify, webauthn:extension:credBlob: true, webauthn:extension:largeBlob: true, webauthn:extension:minPinLength: true, webauthn:extension:prf: true, webauthn:virtualAuthenticators: true}">
      <![CDATA[org.openqa.selenium.NoSuchSessionException: Session ID is null. Using WebDriver after calling quit()?
Build info: version: '4.19.1', revision: 'abe0ee07dc'
System info: os.name: 'Windows 11', os.arch: 'amd64', os.version: '10.0', java.version: '17.0.4.1'
Driver info: org.openqa.selenium.edge.EdgeDriver
Command: [null, close {}]
Capabilities {acceptInsecureCerts: false, browserName: MicrosoftEdge, browserVersion: 124.0.2478.67, fedcm:accounts: true, ms:edgeOptions: {debuggerAddress: localhost:60282}, msedge: {msedgedriverVersion: 124.0.2478.67 (d385ef2844e0..., userDataDir: C:\Users\hp\AppData\Local\T...}, networkConnectionEnabled: false, pageLoadStrategy: normal, platformName: windows, proxy: Proxy(), se:cdp: ws://localhost:60282/devtoo..., se:cdpVersion: 124.0.2478.67, setWindowRect: true, strictFileInteractability: false, timeouts: {implicit: 0, pageLoad: 300000, script: 30000}, unhandledPromptBehavior: dismiss and notify, webauthn:extension:credBlob: true, webauthn:extension:largeBlob: true, webauthn:extension:minPinLength: true, webauthn:extension:prf: true, webauthn:virtualAuthenticators: true}
at org.openqa.selenium.remote.HttpCommandExecutor.execute(HttpCommandExecutor.java:151)
at org.openqa.selenium.remote.service.DriverCommandExecutor.invokeExecute(DriverCommandExecutor.java:216)
at org.openqa.selenium.remote.service.DriverCommandExecutor.execute(DriverCommandExecutor.java:174)
at org.openqa.selenium.remote.RemoteWebDriver.execute(RemoteWebDriver.java:518)
at org.openqa.selenium.remote.RemoteWebDriver.execute(RemoteWebDriver.java:591)
at org.openqa.selenium.remote.RemoteWebDriver.execute(RemoteWebDriver.java:595)
at org.openqa.selenium.remote.RemoteWebDriver.close(RemoteWebDriver.java:405)
at base.BaseTest.tearDown(BaseTest.java:47)
... Removed 24 stack frames]]>
    </failure>
  </testcase> <!-- @AfterTest tearDown -->
  <testcase classname="tests.InvestorLoginTest" name="LoginAsInvestor" time="5.431">
    <failure type="java.lang.AssertionError" message="Text assertion failed expected [How can we help with your
Wealth Growth?] but found [Grow Your Wealth With Expert-Curated Investment Options]">
      <![CDATA[java.lang.AssertionError: Text assertion failed expected [How can we help with your
Wealth Growth?] but found [Grow Your Wealth With Expert-Curated Investment Options]
at tests.InvestorLoginTest.LoginAsInvestor(InvestorLoginTest.java:48)
at java.base/java.util.ArrayList.forEach(ArrayList.java:1511)
... Removed 32 stack frames]]>
    </failure>
  </testcase> <!-- LoginAsInvestor -->
</testsuite> <!-- Test -->
